[Fri May 01 11:33:02.835243 2026] [ssl:warn] [pid 27132:tid 448] AH01909: www.example.com:443:0 server certificate does NOT include an ID which matches the server name
[Fri May 01 11:33:03.110516 2026] [ssl:warn] [pid 27132:tid 448] AH01909: www.example.com:443:0 server certificate does NOT include an ID which matches the server name
[Fri May 01 11:33:03.458845 2026] [mpm_winnt:notice] [pid 27132:tid 448] AH00455: Apache/2.4.58 (Win64) OpenSSL/3.1.3 PHP/8.2.12 configured -- resuming normal operations
[Fri May 01 11:33:03.459842 2026] [mpm_winnt:notice] [pid 27132:tid 448] AH00456: Apache Lounge VS17 Server built: Oct 18 2023 13:03:18
[Fri May 01 11:33:03.459842 2026] [core:notice] [pid 27132:tid 448] AH00094: Command line: 'c:\\xampp4\\apache\\bin\\httpd.exe -d C:/xampp4/apache'
[Fri May 01 11:33:03.702064 2026] [mpm_winnt:notice] [pid 27132:tid 448] AH00418: Parent: Created child process 21492
[Fri May 01 11:33:07.946946 2026] [ssl:warn] [pid 21492:tid 444] AH01909: www.example.com:443:0 server certificate does NOT include an ID which matches the server name
[Fri May 01 11:33:08.145096 2026] [ssl:warn] [pid 21492:tid 444] AH01909: www.example.com:443:0 server certificate does NOT include an ID which matches the server name
[Fri May 01 11:33:08.408227 2026] [mpm_winnt:notice] [pid 21492:tid 444] AH00354: Child: Starting 150 worker threads.
[Fri May 01 14:33:22.291123 2026] [ssl:warn] [pid 32436:tid 460] AH01909: www.example.com:443:0 server certificate does NOT include an ID which matches the server name
[Fri May 01 14:33:22.476355 2026] [core:warn] [pid 32436:tid 460] AH00098: pid file C:/xampp4/apache/logs/httpd.pid overwritten -- Unclean shutdown of previous Apache run?
[Fri May 01 14:33:22.487525 2026] [ssl:warn] [pid 32436:tid 460] AH01909: www.example.com:443:0 server certificate does NOT include an ID which matches the server name
[Fri May 01 14:33:22.888525 2026] [mpm_winnt:notice] [pid 32436:tid 460] AH00455: Apache/2.4.58 (Win64) OpenSSL/3.1.3 PHP/8.2.12 configured -- resuming normal operations
[Fri May 01 14:33:22.888525 2026] [mpm_winnt:notice] [pid 32436:tid 460] AH00456: Apache Lounge VS17 Server built: Oct 18 2023 13:03:18
[Fri May 01 14:33:22.888525 2026] [core:notice] [pid 32436:tid 460] AH00094: Command line: 'c:\\xampp4\\apache\\bin\\httpd.exe -d C:/xampp4/apache'
[Fri May 01 14:33:23.125725 2026] [mpm_winnt:notice] [pid 32436:tid 460] AH00418: Parent: Created child process 28532
[Fri May 01 14:33:26.829629 2026] [ssl:warn] [pid 28532:tid 444] AH01909: www.example.com:443:0 server certificate does NOT include an ID which matches the server name
[Fri May 01 14:33:27.021723 2026] [ssl:warn] [pid 28532:tid 444] AH01909: www.example.com:443:0 server certificate does NOT include an ID which matches the server name
[Fri May 01 14:33:27.284298 2026] [mpm_winnt:notice] [pid 28532:tid 444] AH00354: Child: Starting 150 worker threads.
[Tue May 05 11:27:53.123654 2026] [ssl:warn] [pid 14668:tid 468] AH01909: www.example.com:443:0 server certificate does NOT include an ID which matches the server name
[Tue May 05 11:27:53.197421 2026] [core:warn] [pid 14668:tid 468] AH00098: pid file C:/xampp4/apache/logs/httpd.pid overwritten -- Unclean shutdown of previous Apache run?
[Tue May 05 11:27:53.202331 2026] [ssl:warn] [pid 14668:tid 468] AH01909: www.example.com:443:0 server certificate does NOT include an ID which matches the server name
[Tue May 05 11:27:53.375647 2026] [mpm_winnt:notice] [pid 14668:tid 468] AH00455: Apache/2.4.58 (Win64) OpenSSL/3.1.3 PHP/8.2.12 configured -- resuming normal operations
[Tue May 05 11:27:53.375647 2026] [mpm_winnt:notice] [pid 14668:tid 468] AH00456: Apache Lounge VS17 Server built: Oct 18 2023 13:03:18
[Tue May 05 11:27:53.375647 2026] [core:notice] [pid 14668:tid 468] AH00094: Command line: 'c:\\xampp4\\apache\\bin\\httpd.exe -d C:/xampp4/apache'
[Tue May 05 11:27:53.444651 2026] [mpm_winnt:notice] [pid 14668:tid 468] AH00418: Parent: Created child process 7508
[Tue May 05 11:27:54.650889 2026] [ssl:warn] [pid 7508:tid 452] AH01909: www.example.com:443:0 server certificate does NOT include an ID which matches the server name
[Tue May 05 11:27:54.713576 2026] [ssl:warn] [pid 7508:tid 452] AH01909: www.example.com:443:0 server certificate does NOT include an ID which matches the server name
[Tue May 05 11:27:54.793621 2026] [mpm_winnt:notice] [pid 7508:tid 452] AH00354: Child: Starting 150 worker threads.
[Tue May 05 14:08:08.050922 2026] [ssl:warn] [pid 23804:tid 496] AH01909: www.example.com:443:0 server certificate does NOT include an ID which matches the server name
[Tue May 05 14:08:08.120934 2026] [core:warn] [pid 23804:tid 496] AH00098: pid file C:/xampp4/apache/logs/httpd.pid overwritten -- Unclean shutdown of previous Apache run?
[Tue May 05 14:08:08.125924 2026] [ssl:warn] [pid 23804:tid 496] AH01909: www.example.com:443:0 server certificate does NOT include an ID which matches the server name
[Tue May 05 14:08:08.272907 2026] [mpm_winnt:notice] [pid 23804:tid 496] AH00455: Apache/2.4.58 (Win64) OpenSSL/3.1.3 PHP/8.2.12 configured -- resuming normal operations
[Tue May 05 14:08:08.272907 2026] [mpm_winnt:notice] [pid 23804:tid 496] AH00456: Apache Lounge VS17 Server built: Oct 18 2023 13:03:18
[Tue May 05 14:08:08.272907 2026] [core:notice] [pid 23804:tid 496] AH00094: Command line: 'c:\\xampp4\\apache\\bin\\httpd.exe -d C:/xampp4/apache'
[Tue May 05 14:08:08.282756 2026] [mpm_winnt:notice] [pid 23804:tid 496] AH00418: Parent: Created child process 26076
[Tue May 05 14:08:09.518293 2026] [ssl:warn] [pid 26076:tid 468] AH01909: www.example.com:443:0 server certificate does NOT include an ID which matches the server name
[Tue May 05 14:08:09.588056 2026] [ssl:warn] [pid 26076:tid 468] AH01909: www.example.com:443:0 server certificate does NOT include an ID which matches the server name
[Tue May 05 14:08:09.687525 2026] [mpm_winnt:notice] [pid 26076:tid 468] AH00354: Child: Starting 150 worker threads.
[Tue May 05 16:58:11.743773 2026] [ssl:warn] [pid 34572:tid 464] AH01909: www.example.com:443:0 server certificate does NOT include an ID which matches the server name
[Tue May 05 16:58:11.867194 2026] [core:warn] [pid 34572:tid 464] AH00098: pid file C:/xampp4/apache/logs/httpd.pid overwritten -- Unclean shutdown of previous Apache run?
[Tue May 05 16:58:11.873958 2026] [ssl:warn] [pid 34572:tid 464] AH01909: www.example.com:443:0 server certificate does NOT include an ID which matches the server name
[Tue May 05 16:58:12.040170 2026] [mpm_winnt:notice] [pid 34572:tid 464] AH00455: Apache/2.4.58 (Win64) OpenSSL/3.1.3 PHP/8.2.12 configured -- resuming normal operations
[Tue May 05 16:58:12.040170 2026] [mpm_winnt:notice] [pid 34572:tid 464] AH00456: Apache Lounge VS17 Server built: Oct 18 2023 13:03:18
[Tue May 05 16:58:12.040170 2026] [core:notice] [pid 34572:tid 464] AH00094: Command line: 'c:\\xampp4\\apache\\bin\\httpd.exe -d C:/xampp4/apache'
[Tue May 05 16:58:12.054536 2026] [mpm_winnt:notice] [pid 34572:tid 464] AH00418: Parent: Created child process 16752
[Tue May 05 16:58:13.588481 2026] [ssl:warn] [pid 16752:tid 448] AH01909: www.example.com:443:0 server certificate does NOT include an ID which matches the server name
[Tue May 05 16:58:13.667246 2026] [ssl:warn] [pid 16752:tid 448] AH01909: www.example.com:443:0 server certificate does NOT include an ID which matches the server name
[Tue May 05 16:58:13.767148 2026] [mpm_winnt:notice] [pid 16752:tid 448] AH00354: Child: Starting 150 worker threads.
[Thu May 07 07:10:10.222561 2026] [ssl:warn] [pid 14012:tid 456] AH01909: www.example.com:443:0 server certificate does NOT include an ID which matches the server name
[Thu May 07 07:10:10.314453 2026] [core:warn] [pid 14012:tid 456] AH00098: pid file C:/xampp4/apache/logs/httpd.pid overwritten -- Unclean shutdown of previous Apache run?
[Thu May 07 07:10:10.319620 2026] [ssl:warn] [pid 14012:tid 456] AH01909: www.example.com:443:0 server certificate does NOT include an ID which matches the server name
[Thu May 07 07:10:10.489519 2026] [mpm_winnt:notice] [pid 14012:tid 456] AH00455: Apache/2.4.58 (Win64) OpenSSL/3.1.3 PHP/8.2.12 configured -- resuming normal operations
[Thu May 07 07:10:10.489519 2026] [mpm_winnt:notice] [pid 14012:tid 456] AH00456: Apache Lounge VS17 Server built: Oct 18 2023 13:03:18
[Thu May 07 07:10:10.489519 2026] [core:notice] [pid 14012:tid 456] AH00094: Command line: 'c:\\xampp4\\apache\\bin\\httpd.exe -d C:/xampp4/apache'
[Thu May 07 07:10:10.497958 2026] [mpm_winnt:notice] [pid 14012:tid 456] AH00418: Parent: Created child process 11432
[Thu May 07 07:10:12.025665 2026] [ssl:warn] [pid 11432:tid 452] AH01909: www.example.com:443:0 server certificate does NOT include an ID which matches the server name
[Thu May 07 07:10:12.107606 2026] [ssl:warn] [pid 11432:tid 452] AH01909: www.example.com:443:0 server certificate does NOT include an ID which matches the server name
[Thu May 07 07:10:12.219451 2026] [mpm_winnt:notice] [pid 11432:tid 452] AH00354: Child: Starting 150 worker threads.
